# JRE version: Java(TM) SE Runtime Environment (7.0_71-b14) (build 1.7.0_71-b14)
# Java VM: Java HotSpot(TM) 64-Bit Server VM (24.71-b01 mixed mode windows-amd64 compressed oops)
Heap
 PSYoungGen      total 280064K, used 29082K [0x00000000eaa80000, 0x00000000fe780000, 0x0000000100000000)
  eden space 254464K, 11% used [0x00000000eaa80000,0x00000000ec6e6ae0,0x00000000fa300000)
  from space 25600K, 0% used [0x00000000fa300000,0x00000000fa300000,0x00000000fbc00000)
  to   space 31744K, 0% used [0x00000000fc880000,0x00000000fc880000,0x00000000fe780000)
 ParOldGen       total 86016K, used 41469K [0x00000000c0000000, 0x00000000c5400000, 0x00000000eaa80000)
  object space 86016K, 48% used [0x00000000c0000000,0x00000000c287f698,0x00000000c5400000)
 PSPermGen       total 91136K, used 45501K [0x00000000b0000000, 0x00000000b5900000, 0x00000000c0000000)
  object space 91136K, 49% used [0x00000000b0000000,0x00000000b2c6f668,0x00000000b5900000)
GC Heap History (10 events):
Event: 13.405 GC heap before
{Heap before GC invocations=6 (full 0):
 PSYoungGen      total 71680K, used 71656K [0x00000000eaa80000, 0x00000000f3e80000, 0x0000000100000000)
  eden space 66560K, 100% used [0x00000000eaa80000,0x00000000eeb80000,0x00000000eeb80000)
  from space 5120K, 99% used [0x00000000eeb80000,0x00000000ef07a100,0x00000000ef080000)
  to   space 9216K, 0% used [0x00000000f3580000,0x00000000f3580000,0x00000000f3e80000)
 ParOldGen       total 86016K, used 7835K [0x00000000c0000000, 0x00000000c5400000, 0x00000000eaa80000)
  object space 86016K, 9% used [0x00000000c0000000,0x00000000c07a6dd0,0x00000000c5400000)
 PSPermGen       total 24064K, used 23594K [0x00000000b0000000, 0x00000000b1780000, 0x00000000c0000000)
  object space 24064K, 98% used [0x00000000b0000000,0x00000000b170a970,0x00000000b1780000)
Event: 13.446 GC heap after
Heap after GC invocations=6 (full 0):
 PSYoungGen      total 139776K, used 9211K [0x00000000eaa80000, 0x00000000f4380000, 0x0000000100000000)
  eden space 130560K, 0% used [0x00000000eaa80000,0x00000000eaa80000,0x00000000f2a00000)
  from space 9216K, 99% used [0x00000000f3580000,0x00000000f3e7ef90,0x00000000f3e80000)
  to   space 11776K, 0% used [0x00000000f2a00000,0x00000000f2a00000,0x00000000f3580000)
 ParOldGen       total 86016K, used 9927K [0x00000000c0000000, 0x00000000c5400000, 0x00000000eaa80000)
  object space 86016K, 11% used [0x00000000c0000000,0x00000000c09b1f68,0x00000000c5400000)
 PSPermGen       total 24064K, used 23594K [0x00000000b0000000, 0x00000000b1780000, 0x00000000c0000000)
  object space 24064K, 98% used [0x00000000b0000000,0x00000000b170a970,0x00000000b1780000)
}
Event: 21.220 GC heap before
{Heap before GC invocations=7 (full 0):
 PSYoungGen      total 139776K, used 139771K [0x00000000eaa80000, 0x00000000f4380000, 0x0000000100000000)
  eden space 130560K, 100% used [0x00000000eaa80000,0x00000000f2a00000,0x00000000f2a00000)
  from space 9216K, 99% used [0x00000000f3580000,0x00000000f3e7ef90,0x00000000f3e80000)
  to   space 11776K, 0% used [0x00000000f2a00000,0x00000000f2a00000,0x00000000f3580000)
 ParOldGen       total 86016K, used 9927K [0x00000000c0000000, 0x00000000c5400000, 0x00000000eaa80000)
  object space 86016K, 11% used [0x00000000c0000000,0x00000000c09b1f68,0x00000000c5400000)
 PSPermGen       total 32256K, used 31785K [0x00000000b0000000, 0x00000000b1f80000, 0x00000000c0000000)
  object space 32256K, 98% used [0x00000000b0000000,0x00000000b1f0a598,0x00000000b1f80000)
Event: 21.296 GC heap after
Heap after GC invocations=7 (full 0):
 PSYoungGen      total 142336K, used 11772K [0x00000000eaa80000, 0x00000000fce80000, 0x0000000100000000)
  eden space 130560K, 0% used [0x00000000eaa80000,0x00000000eaa80000,0x00000000f2a00000)
  from space 11776K, 99% used [0x00000000f2a00000,0x00000000f357f100,0x00000000f3580000)
  to   space 18944K, 0% used [0x00000000fbc00000,0x00000000fbc00000,0x00000000fce80000)
 ParOldGen       total 86016K, used 21567K [0x00000000c0000000, 0x00000000c5400000, 0x00000000eaa80000)
  object space 86016K, 25% used [0x00000000c0000000,0x00000000c150fcf8,0x00000000c5400000)
 PSPermGen       total 32256K, used 31785K [0x00000000b0000000, 0x00000000b1f80000, 0x00000000c0000000)
  object space 32256K, 98% used [0x00000000b0000000,0x00000000b1f0a598,0x00000000b1f80000)
}
Event: 26.282 GC heap before
{Heap before GC invocations=8 (full 0):
 PSYoungGen      total 142336K, used 142332K [0x00000000eaa80000, 0x00000000fce80000, 0x0000000100000000)
  eden space 130560K, 100% used [0x00000000eaa80000,0x00000000f2a00000,0x00000000f2a00000)
  from space 11776K, 99% used [0x00000000f2a00000,0x00000000f357f100,0x00000000f3580000)
  to   space 18944K, 0% used [0x00000000fbc00000,0x00000000fbc00000,0x00000000fce80000)
 ParOldGen       total 86016K, used 21567K [0x00000000c0000000, 0x00000000c5400000, 0x00000000eaa80000)
  object space 86016K, 25% used [0x00000000c0000000,0x00000000c150fcf8,0x00000000c5400000)
 PSPermGen       total 38400K, used 38057K [0x00000000b0000000, 0x00000000b2580000, 0x00000000c0000000)
  object space 38400K, 99% used [0x00000000b0000000,0x00000000b252a4b8,0x00000000b2580000)
Event: 26.378 GC heap after
Heap after GC invocations=8 (full 0):
 PSYoungGen      total 273408K, used 18938K [0x00000000eaa80000, 0x00000000fdb80000, 0x0000000100000000)
  eden space 254464K, 0% used [0x00000000eaa80000,0x00000000eaa80000,0x00000000fa300000)
  from space 18944K, 99% used [0x00000000fbc00000,0x00000000fce7eba0,0x00000000fce80000)
  to   space 25600K, 0% used [0x00000000fa300000,0x00000000fa300000,0x00000000fbc00000)
 ParOldGen       total 86016K, used 29932K [0x00000000c0000000, 0x00000000c5400000, 0x00000000eaa80000)
  object space 86016K, 34% used [0x00000000c0000000,0x00000000c1d3b228,0x00000000c5400000)
 PSPermGen       total 38400K, used 38057K [0x00000000b0000000, 0x00000000b2580000, 0x00000000c0000000)
  object space 38400K, 99% used [0x00000000b0000000,0x00000000b252a4b8,0x00000000b2580000)
}
Event: 43.327 GC heap before
{Heap before GC invocations=9 (full 0):
 PSYoungGen      total 273408K, used 158767K [0x00000000eaa80000, 0x00000000fdb80000, 0x0000000100000000)
  eden space 254464K, 54% used [0x00000000eaa80000,0x00000000f330d330,0x00000000fa300000)
  from space 18944K, 99% used [0x00000000fbc00000,0x00000000fce7eba0,0x00000000fce80000)
  to   space 25600K, 0% used [0x00000000fa300000,0x00000000fa300000,0x00000000fbc00000)
 ParOldGen       total 86016K, used 29932K [0x00000000c0000000, 0x00000000c5400000, 0x00000000eaa80000)
  object space 86016K, 34% used [0x00000000c0000000,0x00000000c1d3b228,0x00000000c5400000)
 PSPermGen       total 45568K, used 45519K [0x00000000b0000000, 0x00000000b2c80000, 0x00000000c0000000)
  object space 45568K, 99% used [0x00000000b0000000,0x00000000b2c73f88,0x00000000b2c80000)
Event: 43.428 GC heap after
Heap after GC invocations=9 (full 0):
 PSYoungGen      total 280064K, used 25586K [0x00000000eaa80000, 0x00000000fe780000, 0x0000000100000000)
  eden space 254464K, 0% used [0x00000000eaa80000,0x00000000eaa80000,0x00000000fa300000)
  from space 25600K, 99% used [0x00000000fa300000,0x00000000fbbfc998,0x00000000fbc00000)
  to   space 31744K, 0% used [0x00000000fc880000,0x00000000fc880000,0x00000000fe780000)
 ParOldGen       total 86016K, used 34546K [0x00000000c0000000, 0x00000000c5400000, 0x00000000eaa80000)
  object space 86016K, 40% used [0x00000000c0000000,0x00000000c21bc900,0x00000000c5400000)
 PSPermGen       total 45568K, used 45519K [0x00000000b0000000, 0x00000000b2c80000, 0x00000000c0000000)
  object space 45568K, 99% used [0x00000000b0000000,0x00000000b2c73f88,0x00000000b2c80000)
}
Event: 43.428 GC heap before
{Heap before GC invocations=10 (full 1):
 PSYoungGen      total 280064K, used 25586K [0x00000000eaa80000, 0x00000000fe780000, 0x0000000100000000)
  eden space 254464K, 0% used [0x00000000eaa80000,0x00000000eaa80000,0x00000000fa300000)
  from space 25600K, 99% used [0x00000000fa300000,0x00000000fbbfc998,0x00000000fbc00000)
  to   space 31744K, 0% used [0x00000000fc880000,0x00000000fc880000,0x00000000fe780000)
 ParOldGen       total 86016K, used 34546K [0x00000000c0000000, 0x00000000c5400000, 0x00000000eaa80000)
  object space 86016K, 40% used [0x00000000c0000000,0x00000000c21bc900,0x00000000c5400000)
 PSPermGen       total 45568K, used 45519K [0x00000000b0000000, 0x00000000b2c80000, 0x00000000c0000000)
  object space 45568K, 99% used [0x00000000b0000000,0x00000000b2c73f88,0x00000000b2c80000)
Event: 44.543 GC heap after
Heap after GC invocations=10 (full 1):
 PSYoungGen      total 280064K, used 0K [0x00000000eaa80000, 0x00000000fe780000, 0x0000000100000000)
  eden space 254464K, 0% used [0x00000000eaa80000,0x00000000eaa80000,0x00000000fa300000)
  from space 25600K, 0% used [0x00000000fa300000,0x00000000fa300000,0x00000000fbc00000)
  to   space 31744K, 0% used [0x00000000fc880000,0x00000000fc880000,0x00000000fe780000)
 ParOldGen       total 86016K, used 41469K [0x00000000c0000000, 0x00000000c5400000, 0x00000000eaa80000)
  object space 86016K, 48% used [0x00000000c0000000,0x00000000c287f698,0x00000000c5400000)
 PSPermGen       total 91136K, used 45461K [0x00000000b0000000, 0x00000000b5900000, 0x00000000c0000000)
  object space 91136K, 49% used [0x00000000b0000000,0x00000000b2c65438,0x00000000b5900000)
}

